bundler: failed to load command: jekyll (/root/konexht-site/_gems/bin/jekyll)
/usr/share/rubygems-integration/all/gems/bundler-2.6.7/lib/bundler/resolver.rb:348:in `raise_not_found!': Could not find gem 'jekyll' in locally installed gems. (Bundler::GemNotFound)
	from /usr/share/rubygems-integration/all/gems/bundler-2.6.7/lib/bundler/resolver.rb:448:in `block in prepare_dependencies'
	from /usr/share/rubygems-integration/all/gems/bundler-2.6.7/lib/bundler/resolver.rb:423:in `each'
	from /usr/share/rubygems-integration/all/gems/bundler-2.6.7/lib/bundler/resolver.rb:423:in `filter_map'
	from /usr/share/rubygems-integration/all/gems/bundler-2.6.7/lib/bundler/resolver.rb:423:in `prepare_dependencies'
	from /usr/share/rubygems-integration/all/gems/bundler-2.6.7/lib/bundler/resolver.rb:65:in `setup_solver'
	from /usr/share/rubygems-integration/all/gems/bundler-2.6.7/lib/bundler/resolver.rb:30:in `start'
	from /usr/share/rubygems-integration/all/gems/bundler-2.6.7/lib/bundler/definition.rb:752:in `start_resolution'
	from /usr/share/rubygems-integration/all/gems/bundler-2.6.7/lib/bundler/definition.rb:346:in `resolve'
	from /usr/share/rubygems-integration/all/gems/bundler-2.6.7/lib/bundler/definition.rb:659:in `materialize'
	from /usr/share/rubygems-integration/all/gems/bundler-2.6.7/lib/bundler/definition.rb:237:in `specs'
	from /usr/share/rubygems-integration/all/gems/bundler-2.6.7/lib/bundler/definition.rb:304:in `specs_for'
	from /usr/share/rubygems-integration/all/gems/bundler-2.6.7/lib/bundler/runtime.rb:18:in `setup'
	from /usr/share/rubygems-integration/all/gems/bundler-2.6.7/lib/bundler.rb:167:in `setup'
	from /usr/share/rubygems-integration/all/gems/bundler-2.6.7/lib/bundler/setup.rb:32:in `block in <top (required)>'
	from /usr/share/rubygems-integration/all/gems/bundler-2.6.7/lib/bundler/ui/shell.rb:173:in `with_level'
	from /usr/share/rubygems-integration/all/gems/bundler-2.6.7/lib/bundler/ui/shell.rb:119:in `silence'
	from /usr/share/rubygems-integration/all/gems/bundler-2.6.7/lib/bundler/setup.rb:32:in `<top (required)>'
	from /usr/share/rubygems-integration/all/gems/bundler-2.6.7/lib/bundler/cli/exec.rb:57:in `require_relative'
	from /usr/share/rubygems-integration/all/gems/bundler-2.6.7/lib/bundler/cli/exec.rb:57:in `kernel_load'
	from /usr/share/rubygems-integration/all/gems/bundler-2.6.7/lib/bundler/cli/exec.rb:23:in `run'
	from /usr/share/rubygems-integration/all/gems/bundler-2.6.7/lib/bundler/cli.rb:452:in `exec'
	from /usr/share/rubygems-integration/all/gems/bundler-2.6.7/lib/bundler/vendor/thor/lib/thor/command.rb:28:in `run'
	from /usr/share/rubygems-integration/all/gems/bundler-2.6.7/lib/bundler/vendor/thor/lib/thor/invocation.rb:127:in `invoke_command'
	from /usr/share/rubygems-integration/all/gems/bundler-2.6.7/lib/bundler/vendor/thor/lib/thor.rb:538:in `dispatch'
	from /usr/share/rubygems-integration/all/gems/bundler-2.6.7/lib/bundler/cli.rb:35:in `dispatch'
	from /usr/share/rubygems-integration/all/gems/bundler-2.6.7/lib/bundler/vendor/thor/lib/thor/base.rb:584:in `start'
	from /usr/share/rubygems-integration/all/gems/bundler-2.6.7/lib/bundler/cli.rb:29:in `start'
	from /usr/share/rubygems-integration/all/gems/bundler-2.6.7/exe/bundle:28:in `block in <top (required)>'
	from /usr/share/rubygems-integration/all/gems/bundler-2.6.7/lib/bundler/friendly_errors.rb:117:in `with_friendly_errors'
	from /usr/share/rubygems-integration/all/gems/bundler-2.6.7/exe/bundle:20:in `<top (required)>'
	from /usr/bin/bundle:25:in `load'
	from /usr/bin/bundle:25:in `<main>'
